{"/Users/mark/projects/2025-04-02_json-translator/src/cache.ts": {"path":"/Users/mark/projects/2025-04-02_json-translator/src/cache.ts","statementMap":{"0":{"start":{"line":9,"column":10},"end":{"line":9,"column":34}},"1":{"start":{"line":12,"column":4},"end":{"line":12,"column":58}},"2":{"start":{"line":13,"column":4},"end":{"line":13,"column":27}},"3":{"start":{"line":20,"column":4},"end":{"line":20,"column":42}},"4":{"start":{"line":27,"column":16},"end":{"line":27,"column":55}},"5":{"start":{"line":28,"column":18},"end":{"line":28,"column":37}},"6":{"start":{"line":30,"column":4},"end":{"line":34,"column":5}},"7":{"start":{"line":32,"column":6},"end":{"line":32,"column":31}},"8":{"start":{"line":33,"column":6},"end":{"line":33,"column":33}},"9":{"start":{"line":36,"column":4},"end":{"line":36,"column":16}},"10":{"start":{"line":43,"column":16},"end":{"line":43,"column":55}},"11":{"start":{"line":46,"column":4},"end":{"line":53,"column":5}},"12":{"start":{"line":47,"column":6},"end":{"line":47,"column":31}},"13":{"start":{"line":50,"column":6},"end":{"line":50,"column":27}},"14":{"start":{"line":52,"column":6},"end":{"line":52,"column":30}},"15":{"start":{"line":56,"column":4},"end":{"line":56,"column":66}},"16":{"start":{"line":63,"column":18},"end":{"line":63,"column":44}},"17":{"start":{"line":64,"column":4},"end":{"line":67,"column":5}},"18":{"start":{"line":65,"column":6},"end":{"line":65,"column":37}},"19":{"start":{"line":66,"column":6},"end":{"line":66,"column":30}},"20":{"start":{"line":74,"column":4},"end":{"line":79,"column":5}},"21":{"start":{"line":75,"column":24},"end":{"line":75,"column":45}},"22":{"start":{"line":76,"column":6},"end":{"line":78,"column":7}},"23":{"start":{"line":77,"column":8},"end":{"line":77,"column":37}},"24":{"start":{"line":86,"column":4},"end":{"line":86,"column":23}},"25":{"start":{"line":87,"column":4},"end":{"line":87,"column":23}},"26":{"start":{"line":94,"column":4},"end":{"line":94,"column":27}},"27":{"start":{"line":6,"column":0},"end":{"line":6,"column":13}}},"fnMap":{"0":{"name":"(anonymous_0)","decl":{"start":{"line":11,"column":2},"end":{"line":11,"column":14}},"loc":{"start":{"line":11,"column":28},"end":{"line":14,"column":3}}},"1":{"name":"(anonymous_1)","decl":{"start":{"line":19,"column":10},"end":{"line":19,"column":21}},"loc":{"start":{"line":19,"column":67},"end":{"line":21,"column":3}}},"2":{"name":"(anonymous_2)","decl":{"start":{"line":26,"column":2},"end":{"line":26,"column":5}},"loc":{"start":{"line":26,"column":51},"end":{"line":37,"column":3}}},"3":{"name":"(anonymous_3)","decl":{"start":{"line":42,"column":2},"end":{"line":42,"column":5}},"loc":{"start":{"line":42,"column":74},"end":{"line":57,"column":3}}},"4":{"name":"(anonymous_4)","decl":{"start":{"line":62,"column":10},"end":{"line":62,"column":24}},"loc":{"start":{"line":62,"column":36},"end":{"line":68,"column":3}}},"5":{"name":"(anonymous_5)","decl":{"start":{"line":73,"column":10},"end":{"line":73,"column":23}},"loc":{"start":{"line":73,"column":23},"end":{"line":80,"column":3}}},"6":{"name":"(anonymous_6)","decl":{"start":{"line":85,"column":2},"end":{"line":85,"column":7}},"loc":{"start":{"line":85,"column":7},"end":{"line":88,"column":3}}},"7":{"name":"(anonymous_7)","decl":{"start":{"line":93,"column":2},"end":{"line":93,"column":6}},"loc":{"start":{"line":93,"column":6},"end":{"line":95,"column":3}}}},"branchMap":{"0":{"loc":{"start":{"line":11,"column":14},"end":{"line":11,"column":28}},"type":"default-arg","locations":[{"start":{"line":11,"column":24},"end":{"line":11,"column":28}}]},"1":{"loc":{"start":{"line":30,"column":4},"end":{"line":34,"column":5}},"type":"if","locations":[{"start":{"line":30,"column":4},"end":{"line":34,"column":5}}]},"2":{"loc":{"start":{"line":46,"column":4},"end":{"line":53,"column":5}},"type":"if","locations":[{"start":{"line":46,"column":4},"end":{"line":53,"column":5}},{"start":{"line":48,"column":11},"end":{"line":53,"column":5}}]},"3":{"loc":{"start":{"line":64,"column":4},"end":{"line":67,"column":5}},"type":"if","locations":[{"start":{"line":64,"column":4},"end":{"line":67,"column":5}}]},"4":{"loc":{"start":{"line":74,"column":4},"end":{"line":79,"column":5}},"type":"if","locations":[{"start":{"line":74,"column":4},"end":{"line":79,"column":5}}]},"5":{"loc":{"start":{"line":76,"column":6},"end":{"line":78,"column":7}},"type":"if","locations":[{"start":{"line":76,"column":6},"end":{"line":78,"column":7}}]}},"s":{"0":5,"1":5,"2":5,"3":35,"4":18,"5":18,"6":18,"7":1,"8":1,"9":17,"10":17,"11":17,"12":2,"13":15,"14":15,"15":17,"16":3,"17":3,"18":3,"19":3,"20":15,"21":0,"22":0,"23":0,"24":1,"25":1,"26":0,"27":1},"f":{"0":5,"1":35,"2":18,"3":17,"4":3,"5":15,"6":1,"7":0},"b":{"0":[5],"1":[1],"2":[2,15],"3":[3],"4":[0],"5":[0]}}
,"/Users/mark/projects/2025-04-02_json-translator/src/index.ts": {"path":"/Users/mark/projects/2025-04-02_json-translator/src/index.ts","statementMap":{"0":{"start":{"line":11,"column":0},"end":{"line":11,"column":16}},"1":{"start":{"line":21,"column":0},"end":{"line":21,"column":16}},"2":{"start":{"line":1,"column":0},"end":{"line":1,"column":62}},"3":{"start":{"line":3,"column":0},"end":{"line":3,"column":9}},"4":{"start":{"line":29,"column":2},"end":{"line":3,"column":25}},"5":{"start":{"line":30,"column":2},"end":{"line":3,"column":43}},"6":{"start":{"line":31,"column":2},"end":{"line":3,"column":83}},"7":{"start":{"line":4,"column":0},"end":{"line":4,"column":9}},"8":{"start":{"line":32,"column":2},"end":{"line":4,"column":55}},"9":{"start":{"line":12,"column":2},"end":{"line":12,"column":44}},"10":{"start":{"line":22,"column":2},"end":{"line":22,"column":39}},"11":{"start":{"line":36,"column":0},"end":{"line":36,"column":39}}},"fnMap":{"0":{"name":"(anonymous_0)","decl":{"start":{"line":29,"column":2},"end":{"line":29,"column":16}},"loc":{"start":{"line":29,"column":2},"end":{"line":3,"column":25}}},"1":{"name":"(anonymous_1)","decl":{"start":{"line":30,"column":2},"end":{"line":30,"column":18}},"loc":{"start":{"line":30,"column":2},"end":{"line":3,"column":43}}},"2":{"name":"(anonymous_2)","decl":{"start":{"line":31,"column":2},"end":{"line":31,"column":18}},"loc":{"start":{"line":31,"column":2},"end":{"line":3,"column":83}}},"3":{"name":"(anonymous_3)","decl":{"start":{"line":32,"column":2},"end":{"line":32,"column":18}},"loc":{"start":{"line":32,"column":2},"end":{"line":4,"column":55}}},"4":{"name":"createJsonKeyTranslator","decl":{"start":{"line":11,"column":16},"end":{"line":11,"column":39}},"loc":{"start":{"line":11,"column":72},"end":{"line":13,"column":1}}},"5":{"name":"createSchemaTranslator","decl":{"start":{"line":21,"column":16},"end":{"line":21,"column":38}},"loc":{"start":{"line":21,"column":71},"end":{"line":23,"column":1}}}},"branchMap":{"0":{"loc":{"start":{"line":11,"column":40},"end":{"line":11,"column":72}},"type":"default-arg","locations":[{"start":{"line":11,"column":70},"end":{"line":11,"column":72}}]},"1":{"loc":{"start":{"line":21,"column":39},"end":{"line":21,"column":71}},"type":"default-arg","locations":[{"start":{"line":21,"column":69},"end":{"line":21,"column":71}}]}},"s":{"0":1,"1":1,"2":1,"3":1,"4":1,"5":1,"6":1,"7":1,"8":1,"9":5,"10":0,"11":1},"f":{"0":0,"1":0,"2":0,"3":0,"4":5,"5":0},"b":{"0":[0],"1":[0]}}
,"/Users/mark/projects/2025-04-02_json-translator/src/json-key-translator.ts": {"path":"/Users/mark/projects/2025-04-02_json-translator/src/json-key-translator.ts","statementMap":{"0":{"start":{"line":3,"column":0},"end":{"line":3,"column":49}},"1":{"start":{"line":4,"column":0},"end":{"line":4,"column":43}},"2":{"start":{"line":11,"column":10},"end":{"line":11,"column":48}},"3":{"start":{"line":15,"column":4},"end":{"line":15,"column":48}},"4":{"start":{"line":18,"column":4},"end":{"line":20,"column":5}},"5":{"start":{"line":19,"column":6},"end":{"line":19,"column":62}},"6":{"start":{"line":23,"column":4},"end":{"line":23,"column":45}},"7":{"start":{"line":30,"column":4},"end":{"line":30,"column":52}},"8":{"start":{"line":30,"column":41},"end":{"line":30,"column":52}},"9":{"start":{"line":32,"column":27},"end":{"line":32,"column":60}},"10":{"start":{"line":33,"column":27},"end":{"line":33,"column":60}},"11":{"start":{"line":36,"column":4},"end":{"line":39,"column":5}},"12":{"start":{"line":37,"column":32},"end":{"line":37,"column":83}},"13":{"start":{"line":38,"column":6},"end":{"line":38,"column":54}},"14":{"start":{"line":38,"column":29},"end":{"line":38,"column":54}},"15":{"start":{"line":42,"column":4},"end":{"line":55,"column":5}},"16":{"start":{"line":43,"column":28},"end":{"line":43,"column":64}},"17":{"start":{"line":46,"column":6},"end":{"line":48,"column":7}},"18":{"start":{"line":47,"column":8},"end":{"line":47,"column":75}},"19":{"start":{"line":50,"column":6},"end":{"line":50,"column":27}},"20":{"start":{"line":53,"column":6},"end":{"line":53,"column":44}},"21":{"start":{"line":54,"column":6},"end":{"line":54,"column":17}},"22":{"start":{"line":62,"column":4},"end":{"line":64,"column":5}},"23":{"start":{"line":63,"column":6},"end":{"line":63,"column":18}},"24":{"start":{"line":67,"column":17},"end":{"line":67,"column":34}},"25":{"start":{"line":68,"column":38},"end":{"line":68,"column":40}},"26":{"start":{"line":69,"column":43},"end":{"line":69,"column":45}},"27":{"start":{"line":72,"column":4},"end":{"line":77,"column":5}},"28":{"start":{"line":73,"column":6},"end":{"line":76,"column":7}},"29":{"start":{"line":74,"column":8},"end":{"line":74,"column":34}},"30":{"start":{"line":75,"column":8},"end":{"line":75,"column":26}},"31":{"start":{"line":80,"column":4},"end":{"line":115,"column":5}},"32":{"start":{"line":82,"column":6},"end":{"line":114,"column":7}},"33":{"start":{"line":82,"column":19},"end":{"line":82,"column":20}},"34":{"start":{"line":83,"column":22},"end":{"line":83,"column":66}},"35":{"start":{"line":86,"column":31},"end":{"line":86,"column":64}},"36":{"start":{"line":87,"column":31},"end":{"line":87,"column":64}},"37":{"start":{"line":88,"column":36},"end":{"line":94,"column":10}},"38":{"start":{"line":89,"column":10},"end":{"line":92,"column":11}},"39":{"start":{"line":90,"column":27},"end":{"line":90,"column":78}},"40":{"start":{"line":91,"column":12},"end":{"line":91,"column":55}},"41":{"start":{"line":91,"column":24},"end":{"line":91,"column":55}},"42":{"start":{"line":93,"column":10},"end":{"line":93,"column":48}},"43":{"start":{"line":96,"column":8},"end":{"line":113,"column":9}},"44":{"start":{"line":97,"column":34},"end":{"line":97,"column":72}},"45":{"start":{"line":100,"column":10},"end":{"line":109,"column":11}},"46":{"start":{"line":100,"column":23},"end":{"line":100,"column":24}},"47":{"start":{"line":101,"column":32},"end":{"line":101,"column":40}},"48":{"start":{"line":102,"column":34},"end":{"line":102,"column":52}},"49":{"start":{"line":103,"column":12},"end":{"line":103,"column":48}},"50":{"start":{"line":106,"column":12},"end":{"line":108,"column":13}},"51":{"start":{"line":107,"column":14},"end":{"line":107,"column":89}},"52":{"start":{"line":111,"column":10},"end":{"line":111,"column":42}},"53":{"start":{"line":118,"column":40},"end":{"line":118,"column":42}},"54":{"start":{"line":120,"column":4},"end":{"line":140,"column":5}},"55":{"start":{"line":121,"column":28},"end":{"line":121,"column":39}},"56":{"start":{"line":122,"column":20},"end":{"line":122,"column":29}},"57":{"start":{"line":125,"column":6},"end":{"line":139,"column":7}},"58":{"start":{"line":126,"column":8},"end":{"line":126,"column":64}},"59":{"start":{"line":127,"column":13},"end":{"line":139,"column":7}},"60":{"start":{"line":129,"column":8},"end":{"line":135,"column":10}},"61":{"start":{"line":131,"column":12},"end":{"line":133,"column":20}},"62":{"start":{"line":138,"column":8},"end":{"line":138,"column":38}},"63":{"start":{"line":142,"column":4},"end":{"line":142,"column":18}},"64":{"start":{"line":149,"column":4},"end":{"line":151,"column":5}},"65":{"start":{"line":150,"column":6},"end":{"line":150,"column":25}},"66":{"start":{"line":9,"column":0},"end":{"line":9,"column":13}}},"fnMap":{"0":{"name":"(anonymous_0)","decl":{"start":{"line":14,"column":2},"end":{"line":14,"column":14}},"loc":{"start":{"line":14,"column":46},"end":{"line":24,"column":3}}},"1":{"name":"(anonymous_1)","decl":{"start":{"line":29,"column":2},"end":{"line":29,"column":7}},"loc":{"start":{"line":29,"column":32},"end":{"line":56,"column":3}}},"2":{"name":"(anonymous_2)","decl":{"start":{"line":61,"column":2},"end":{"line":61,"column":7}},"loc":{"start":{"line":61,"column":47},"end":{"line":143,"column":3}}},"3":{"name":"(anonymous_3)","decl":{"start":{"line":88,"column":46},"end":{"line":88,"column":49}},"loc":{"start":{"line":88,"column":52},"end":{"line":94,"column":9}}},"4":{"name":"(anonymous_4)","decl":{"start":{"line":130,"column":20},"end":{"line":130,"column":24}},"loc":{"start":{"line":131,"column":12},"end":{"line":133,"column":20}}},"5":{"name":"(anonymous_5)","decl":{"start":{"line":148,"column":2},"end":{"line":148,"column":12}},"loc":{"start":{"line":148,"column":12},"end":{"line":152,"column":3}}}},"branchMap":{"0":{"loc":{"start":{"line":14,"column":14},"end":{"line":14,"column":46}},"type":"default-arg","locations":[{"start":{"line":14,"column":44},"end":{"line":14,"column":46}}]},"1":{"loc":{"start":{"line":18,"column":4},"end":{"line":20,"column":5}},"type":"if","locations":[{"start":{"line":18,"column":4},"end":{"line":20,"column":5}}]},"2":{"loc":{"start":{"line":23,"column":21},"end":{"line":23,"column":44}},"type":"binary-expr","locations":[{"start":{"line":23,"column":21},"end":{"line":23,"column":38}},{"start":{"line":23,"column":42},"end":{"line":23,"column":44}}]},"3":{"loc":{"start":{"line":30,"column":4},"end":{"line":30,"column":52}},"type":"if","locations":[{"start":{"line":30,"column":4},"end":{"line":30,"column":52}}]},"4":{"loc":{"start":{"line":30,"column":8},"end":{"line":30,"column":39}},"type":"binary-expr","locations":[{"start":{"line":30,"column":8},"end":{"line":30,"column":12}},{"start":{"line":30,"column":16},"end":{"line":30,"column":39}}]},"5":{"loc":{"start":{"line":36,"column":4},"end":{"line":39,"column":5}},"type":"if","locations":[{"start":{"line":36,"column":4},"end":{"line":39,"column":5}}]},"6":{"loc":{"start":{"line":38,"column":6},"end":{"line":38,"column":54}},"type":"if","locations":[{"start":{"line":38,"column":6},"end":{"line":38,"column":54}}]},"7":{"loc":{"start":{"line":46,"column":6},"end":{"line":48,"column":7}},"type":"if","locations":[{"start":{"line":46,"column":6},"end":{"line":48,"column":7}}]},"8":{"loc":{"start":{"line":62,"column":4},"end":{"line":64,"column":5}},"type":"if","locations":[{"start":{"line":62,"column":4},"end":{"line":64,"column":5}}]},"9":{"loc":{"start":{"line":62,"column":8},"end":{"line":62,"column":64}},"type":"binary-expr","locations":[{"start":{"line":62,"column":8},"end":{"line":62,"column":13}},{"start":{"line":62,"column":17},"end":{"line":62,"column":41}},{"start":{"line":62,"column":45},"end":{"line":62,"column":64}}]},"10":{"loc":{"start":{"line":73,"column":6},"end":{"line":76,"column":7}},"type":"if","locations":[{"start":{"line":73,"column":6},"end":{"line":76,"column":7}}]},"11":{"loc":{"start":{"line":80,"column":4},"end":{"line":115,"column":5}},"type":"if","locations":[{"start":{"line":80,"column":4},"end":{"line":115,"column":5}}]},"12":{"loc":{"start":{"line":89,"column":10},"end":{"line":92,"column":11}},"type":"if","locations":[{"start":{"line":89,"column":10},"end":{"line":92,"column":11}}]},"13":{"loc":{"start":{"line":91,"column":12},"end":{"line":91,"column":55}},"type":"if","locations":[{"start":{"line":91,"column":12},"end":{"line":91,"column":55}}]},"14":{"loc":{"start":{"line":106,"column":12},"end":{"line":108,"column":13}},"type":"if","locations":[{"start":{"line":106,"column":12},"end":{"line":108,"column":13}}]},"15":{"loc":{"start":{"line":125,"column":6},"end":{"line":139,"column":7}},"type":"if","locations":[{"start":{"line":125,"column":6},"end":{"line":139,"column":7}},{"start":{"line":127,"column":13},"end":{"line":139,"column":7}}]},"16":{"loc":{"start":{"line":125,"column":10},"end":{"line":125,"column":69}},"type":"binary-expr","locations":[{"start":{"line":125,"column":10},"end":{"line":125,"column":15}},{"start":{"line":125,"column":19},"end":{"line":125,"column":44}},{"start":{"line":125,"column":48},"end":{"line":125,"column":69}}]},"17":{"loc":{"start":{"line":127,"column":13},"end":{"line":139,"column":7}},"type":"if","locations":[{"start":{"line":127,"column":13},"end":{"line":139,"column":7}},{"start":{"line":136,"column":13},"end":{"line":139,"column":7}}]},"18":{"loc":{"start":{"line":131,"column":12},"end":{"line":133,"column":20}},"type":"cond-expr","locations":[{"start":{"line":132,"column":16},"end":{"line":132,"column":40}},{"start":{"line":133,"column":16},"end":{"line":133,"column":20}}]},"19":{"loc":{"start":{"line":131,"column":12},"end":{"line":131,"column":44}},"type":"binary-expr","locations":[{"start":{"line":131,"column":12},"end":{"line":131,"column":16}},{"start":{"line":131,"column":20},"end":{"line":131,"column":44}}]},"20":{"loc":{"start":{"line":149,"column":4},"end":{"line":151,"column":5}},"type":"if","locations":[{"start":{"line":149,"column":4},"end":{"line":151,"column":5}}]}},"s":{"0":1,"1":1,"2":5,"3":5,"4":5,"5":5,"6":5,"7":4,"8":0,"9":4,"10":4,"11":4,"12":4,"13":4,"14":1,"15":3,"16":3,"17":3,"18":3,"19":3,"20":0,"21":0,"22":7,"23":0,"24":7,"25":7,"26":7,"27":7,"28":14,"29":14,"30":14,"31":7,"32":7,"33":7,"34":7,"35":7,"36":7,"37":7,"38":14,"39":14,"40":14,"41":0,"42":14,"43":7,"44":7,"45":7,"46":7,"47":14,"48":14,"49":14,"50":14,"51":14,"52":0,"53":7,"54":7,"55":14,"56":14,"57":14,"58":2,"59":12,"60":1,"61":2,"62":11,"63":7,"64":1,"65":1,"66":1},"f":{"0":5,"1":4,"2":7,"3":14,"4":2,"5":1},"b":{"0":[0],"1":[5],"2":[5,5],"3":[0],"4":[4,4],"5":[4],"6":[1],"7":[3],"8":[0],"9":[7,7,7],"10":[14],"11":[7],"12":[14],"13":[0],"14":[14],"15":[2,12],"16":[14,14,3],"17":[1,11],"18":[2,0],"19":[2,2],"20":[1]}}
,"/Users/mark/projects/2025-04-02_json-translator/src/schema-translator.ts": {"path":"/Users/mark/projects/2025-04-02_json-translator/src/schema-translator.ts","statementMap":{"0":{"start":{"line":3,"column":0},"end":{"line":3,"column":49}},"1":{"start":{"line":4,"column":0},"end":{"line":4,"column":43}},"2":{"start":{"line":12,"column":10},"end":{"line":12,"column":48}},"3":{"start":{"line":17,"column":4},"end":{"line":17,"column":48}},"4":{"start":{"line":18,"column":4},"end":{"line":18,"column":45}},"5":{"start":{"line":21,"column":4},"end":{"line":23,"column":5}},"6":{"start":{"line":22,"column":6},"end":{"line":22,"column":62}},"7":{"start":{"line":25,"column":4},"end":{"line":25,"column":55}},"8":{"start":{"line":32,"column":30},"end":{"line":32,"column":39}},"9":{"start":{"line":34,"column":33},"end":{"line":55,"column":5}},"10":{"start":{"line":35,"column":6},"end":{"line":35,"column":50}},"11":{"start":{"line":35,"column":43},"end":{"line":35,"column":50}},"12":{"start":{"line":37,"column":6},"end":{"line":45,"column":7}},"13":{"start":{"line":39,"column":8},"end":{"line":43,"column":11}},"14":{"start":{"line":40,"column":10},"end":{"line":42,"column":11}},"15":{"start":{"line":41,"column":12},"end":{"line":41,"column":39}},"16":{"start":{"line":44,"column":8},"end":{"line":44,"column":15}},"17":{"start":{"line":48,"column":6},"end":{"line":54,"column":9}},"18":{"start":{"line":49,"column":8},"end":{"line":49,"column":22}},"19":{"start":{"line":50,"column":22},"end":{"line":50,"column":30}},"20":{"start":{"line":51,"column":8},"end":{"line":53,"column":9}},"21":{"start":{"line":52,"column":10},"end":{"line":52,"column":38}},"22":{"start":{"line":57,"column":4},"end":{"line":57,"column":31}},"23":{"start":{"line":58,"column":4},"end":{"line":58,"column":49}},"24":{"start":{"line":59,"column":4},"end":{"line":59,"column":28}},"25":{"start":{"line":66,"column":51},"end":{"line":66,"column":53}},"26":{"start":{"line":67,"column":27},"end":{"line":67,"column":60}},"27":{"start":{"line":68,"column":27},"end":{"line":68,"column":60}},"28":{"start":{"line":71,"column":38},"end":{"line":71,"column":40}},"29":{"start":{"line":72,"column":4},"end":{"line":81,"column":5}},"30":{"start":{"line":73,"column":6},"end":{"line":79,"column":7}},"31":{"start":{"line":74,"column":34},"end":{"line":74,"column":85}},"32":{"start":{"line":75,"column":8},"end":{"line":78,"column":9}},"33":{"start":{"line":76,"column":10},"end":{"line":76,"column":50}},"34":{"start":{"line":77,"column":10},"end":{"line":77,"column":19}},"35":{"start":{"line":80,"column":6},"end":{"line":80,"column":32}},"36":{"start":{"line":83,"column":4},"end":{"line":86,"column":5}},"37":{"start":{"line":84,"column":6},"end":{"line":84,"column":40}},"38":{"start":{"line":85,"column":6},"end":{"line":85,"column":28}},"39":{"start":{"line":88,"column":4},"end":{"line":88,"column":61}},"40":{"start":{"line":91,"column":4},"end":{"line":133,"column":5}},"41":{"start":{"line":91,"column":17},"end":{"line":91,"column":18}},"42":{"start":{"line":92,"column":20},"end":{"line":92,"column":64}},"43":{"start":{"line":93,"column":6},"end":{"line":93,"column":94}},"44":{"start":{"line":95,"column":6},"end":{"line":132,"column":7}},"45":{"start":{"line":96,"column":24},"end":{"line":96,"column":67}},"46":{"start":{"line":99,"column":8},"end":{"line":108,"column":9}},"47":{"start":{"line":99,"column":21},"end":{"line":99,"column":22}},"48":{"start":{"line":100,"column":30},"end":{"line":100,"column":38}},"49":{"start":{"line":101,"column":32},"end":{"line":101,"column":42}},"50":{"start":{"line":102,"column":10},"end":{"line":102,"column":54}},"51":{"start":{"line":105,"column":10},"end":{"line":107,"column":11}},"52":{"start":{"line":106,"column":12},"end":{"line":106,"column":87}},"53":{"start":{"line":110,"column":8},"end":{"line":110,"column":100}},"54":{"start":{"line":113,"column":8},"end":{"line":115,"column":11}},"55":{"start":{"line":114,"column":10},"end":{"line":114,"column":36}},"56":{"start":{"line":118,"column":8},"end":{"line":118,"column":42}},"57":{"start":{"line":119,"column":8},"end":{"line":131,"column":9}},"58":{"start":{"line":120,"column":10},"end":{"line":130,"column":11}},"59":{"start":{"line":121,"column":27},"end":{"line":121,"column":63}},"60":{"start":{"line":122,"column":12},"end":{"line":122,"column":41}},"61":{"start":{"line":124,"column":12},"end":{"line":126,"column":13}},"62":{"start":{"line":125,"column":14},"end":{"line":125,"column":74}},"63":{"start":{"line":128,"column":12},"end":{"line":128,"column":54}},"64":{"start":{"line":129,"column":12},"end":{"line":129,"column":38}},"65":{"start":{"line":135,"column":4},"end":{"line":135,"column":26}},"66":{"start":{"line":142,"column":4},"end":{"line":144,"column":5}},"67":{"start":{"line":143,"column":6},"end":{"line":143,"column":18}},"68":{"start":{"line":146,"column":4},"end":{"line":148,"column":5}},"69":{"start":{"line":147,"column":6},"end":{"line":147,"column":70}},"70":{"start":{"line":147,"column":30},"end":{"line":147,"column":68}},"71":{"start":{"line":150,"column":40},"end":{"line":150,"column":42}},"72":{"start":{"line":152,"column":4},"end":{"line":161,"column":5}},"73":{"start":{"line":153,"column":28},"end":{"line":153,"column":54}},"74":{"start":{"line":154,"column":20},"end":{"line":154,"column":29}},"75":{"start":{"line":156,"column":6},"end":{"line":160,"column":7}},"76":{"start":{"line":157,"column":8},"end":{"line":157,"column":72}},"77":{"start":{"line":159,"column":8},"end":{"line":159,"column":38}},"78":{"start":{"line":163,"column":4},"end":{"line":163,"column":18}},"79":{"start":{"line":170,"column":4},"end":{"line":172,"column":5}},"80":{"start":{"line":171,"column":6},"end":{"line":171,"column":18}},"81":{"start":{"line":174,"column":4},"end":{"line":174,"column":45}},"82":{"start":{"line":177,"column":17},"end":{"line":177,"column":39}},"83":{"start":{"line":180,"column":27},"end":{"line":180,"column":57}},"84":{"start":{"line":183,"column":19},"end":{"line":183,"column":57}},"85":{"start":{"line":185,"column":4},"end":{"line":185,"column":36}},"86":{"start":{"line":186,"column":4},"end":{"line":186,"column":18}},"87":{"start":{"line":193,"column":4},"end":{"line":195,"column":5}},"88":{"start":{"line":194,"column":6},"end":{"line":194,"column":25}},"89":{"start":{"line":202,"column":4},"end":{"line":206,"column":5}},"90":{"start":{"line":203,"column":6},"end":{"line":203,"column":64}},"91":{"start":{"line":204,"column":11},"end":{"line":206,"column":5}},"92":{"start":{"line":205,"column":6},"end":{"line":205,"column":62}},"93":{"start":{"line":10,"column":0},"end":{"line":10,"column":13}}},"fnMap":{"0":{"name":"(anonymous_0)","decl":{"start":{"line":16,"column":2},"end":{"line":16,"column":14}},"loc":{"start":{"line":16,"column":46},"end":{"line":26,"column":3}}},"1":{"name":"(anonymous_1)","decl":{"start":{"line":31,"column":10},"end":{"line":31,"column":21}},"loc":{"start":{"line":31,"column":47},"end":{"line":60,"column":3}}},"2":{"name":"(anonymous_2)","decl":{"start":{"line":34,"column":33},"end":{"line":34,"column":34}},"loc":{"start":{"line":34,"column":46},"end":{"line":55,"column":5}}},"3":{"name":"(anonymous_3)","decl":{"start":{"line":39,"column":20},"end":{"line":39,"column":24}},"loc":{"start":{"line":39,"column":27},"end":{"line":43,"column":9}}},"4":{"name":"(anonymous_4)","decl":{"start":{"line":48,"column":31},"end":{"line":48,"column":34}},"loc":{"start":{"line":48,"column":37},"end":{"line":54,"column":7}}},"5":{"name":"(anonymous_5)","decl":{"start":{"line":65,"column":10},"end":{"line":65,"column":15}},"loc":{"start":{"line":65,"column":44},"end":{"line":136,"column":3}}},"6":{"name":"(anonymous_6)","decl":{"start":{"line":113,"column":22},"end":{"line":113,"column":25}},"loc":{"start":{"line":113,"column":28},"end":{"line":115,"column":9}}},"7":{"name":"(anonymous_7)","decl":{"start":{"line":141,"column":10},"end":{"line":141,"column":21}},"loc":{"start":{"line":141,"column":71},"end":{"line":164,"column":3}}},"8":{"name":"(anonymous_8)","decl":{"start":{"line":147,"column":22},"end":{"line":147,"column":26}},"loc":{"start":{"line":147,"column":30},"end":{"line":147,"column":68}}},"9":{"name":"(anonymous_9)","decl":{"start":{"line":169,"column":2},"end":{"line":169,"column":7}},"loc":{"start":{"line":169,"column":47},"end":{"line":187,"column":3}}},"10":{"name":"(anonymous_10)","decl":{"start":{"line":192,"column":2},"end":{"line":192,"column":12}},"loc":{"start":{"line":192,"column":12},"end":{"line":196,"column":3}}},"11":{"name":"(anonymous_11)","decl":{"start":{"line":201,"column":10},"end":{"line":201,"column":23}},"loc":{"start":{"line":201,"column":74},"end":{"line":208,"column":3}}}},"branchMap":{"0":{"loc":{"start":{"line":16,"column":14},"end":{"line":16,"column":46}},"type":"default-arg","locations":[{"start":{"line":16,"column":44},"end":{"line":16,"column":46}}]},"1":{"loc":{"start":{"line":18,"column":21},"end":{"line":18,"column":44}},"type":"binary-expr","locations":[{"start":{"line":18,"column":21},"end":{"line":18,"column":38}},{"start":{"line":18,"column":42},"end":{"line":18,"column":44}}]},"2":{"loc":{"start":{"line":21,"column":4},"end":{"line":23,"column":5}},"type":"if","locations":[{"start":{"line":21,"column":4},"end":{"line":23,"column":5}}]},"3":{"loc":{"start":{"line":25,"column":18},"end":{"line":25,"column":54}},"type":"binary-expr","locations":[{"start":{"line":25,"column":18},"end":{"line":25,"column":32}},{"start":{"line":25,"column":36},"end":{"line":25,"column":54}}]},"4":{"loc":{"start":{"line":35,"column":6},"end":{"line":35,"column":50}},"type":"if","locations":[{"start":{"line":35,"column":6},"end":{"line":35,"column":50}}]},"5":{"loc":{"start":{"line":35,"column":10},"end":{"line":35,"column":41}},"type":"binary-expr","locations":[{"start":{"line":35,"column":10},"end":{"line":35,"column":14}},{"start":{"line":35,"column":18},"end":{"line":35,"column":41}}]},"6":{"loc":{"start":{"line":37,"column":6},"end":{"line":45,"column":7}},"type":"if","locations":[{"start":{"line":37,"column":6},"end":{"line":45,"column":7}}]},"7":{"loc":{"start":{"line":40,"column":10},"end":{"line":42,"column":11}},"type":"if","locations":[{"start":{"line":40,"column":10},"end":{"line":42,"column":11}}]},"8":{"loc":{"start":{"line":40,"column":14},"end":{"line":40,"column":46}},"type":"binary-expr","locations":[{"start":{"line":40,"column":14},"end":{"line":40,"column":18}},{"start":{"line":40,"column":22},"end":{"line":40,"column":46}}]},"9":{"loc":{"start":{"line":51,"column":8},"end":{"line":53,"column":9}},"type":"if","locations":[{"start":{"line":51,"column":8},"end":{"line":53,"column":9}}]},"10":{"loc":{"start":{"line":51,"column":12},"end":{"line":51,"column":46}},"type":"binary-expr","locations":[{"start":{"line":51,"column":12},"end":{"line":51,"column":17}},{"start":{"line":51,"column":21},"end":{"line":51,"column":46}}]},"11":{"loc":{"start":{"line":73,"column":6},"end":{"line":79,"column":7}},"type":"if","locations":[{"start":{"line":73,"column":6},"end":{"line":79,"column":7}}]},"12":{"loc":{"start":{"line":75,"column":8},"end":{"line":78,"column":9}},"type":"if","locations":[{"start":{"line":75,"column":8},"end":{"line":78,"column":9}}]},"13":{"loc":{"start":{"line":83,"column":4},"end":{"line":86,"column":5}},"type":"if","locations":[{"start":{"line":83,"column":4},"end":{"line":86,"column":5}}]},"14":{"loc":{"start":{"line":105,"column":10},"end":{"line":107,"column":11}},"type":"if","locations":[{"start":{"line":105,"column":10},"end":{"line":107,"column":11}}]},"15":{"loc":{"start":{"line":110,"column":31},"end":{"line":110,"column":87}},"type":"cond-expr","locations":[{"start":{"line":110,"column":56},"end":{"line":110,"column":69}},{"start":{"line":110,"column":72},"end":{"line":110,"column":87}}]},"16":{"loc":{"start":{"line":124,"column":12},"end":{"line":126,"column":13}},"type":"if","locations":[{"start":{"line":124,"column":12},"end":{"line":126,"column":13}}]},"17":{"loc":{"start":{"line":142,"column":4},"end":{"line":144,"column":5}},"type":"if","locations":[{"start":{"line":142,"column":4},"end":{"line":144,"column":5}}]},"18":{"loc":{"start":{"line":142,"column":8},"end":{"line":142,"column":41}},"type":"binary-expr","locations":[{"start":{"line":142,"column":8},"end":{"line":142,"column":13}},{"start":{"line":142,"column":17},"end":{"line":142,"column":41}}]},"19":{"loc":{"start":{"line":146,"column":4},"end":{"line":148,"column":5}},"type":"if","locations":[{"start":{"line":146,"column":4},"end":{"line":148,"column":5}}]},"20":{"loc":{"start":{"line":153,"column":28},"end":{"line":153,"column":54}},"type":"binary-expr","locations":[{"start":{"line":153,"column":28},"end":{"line":153,"column":47}},{"start":{"line":153,"column":51},"end":{"line":153,"column":54}}]},"21":{"loc":{"start":{"line":156,"column":6},"end":{"line":160,"column":7}},"type":"if","locations":[{"start":{"line":156,"column":6},"end":{"line":160,"column":7}},{"start":{"line":158,"column":13},"end":{"line":160,"column":7}}]},"22":{"loc":{"start":{"line":156,"column":10},"end":{"line":156,"column":44}},"type":"binary-expr","locations":[{"start":{"line":156,"column":10},"end":{"line":156,"column":15}},{"start":{"line":156,"column":19},"end":{"line":156,"column":44}}]},"23":{"loc":{"start":{"line":170,"column":4},"end":{"line":172,"column":5}},"type":"if","locations":[{"start":{"line":170,"column":4},"end":{"line":172,"column":5}}]},"24":{"loc":{"start":{"line":170,"column":8},"end":{"line":170,"column":41}},"type":"binary-expr","locations":[{"start":{"line":170,"column":8},"end":{"line":170,"column":13}},{"start":{"line":170,"column":17},"end":{"line":170,"column":41}}]},"25":{"loc":{"start":{"line":193,"column":4},"end":{"line":195,"column":5}},"type":"if","locations":[{"start":{"line":193,"column":4},"end":{"line":195,"column":5}}]},"26":{"loc":{"start":{"line":202,"column":4},"end":{"line":206,"column":5}},"type":"if","locations":[{"start":{"line":202,"column":4},"end":{"line":206,"column":5}},{"start":{"line":204,"column":11},"end":{"line":206,"column":5}}]},"27":{"loc":{"start":{"line":204,"column":11},"end":{"line":206,"column":5}},"type":"if","locations":[{"start":{"line":204,"column":11},"end":{"line":206,"column":5}}]}},"s":{"0":1,"1":1,"2":0,"3":0,"4":0,"5":0,"6":0,"7":0,"8":0,"9":0,"10":0,"11":0,"12":0,"13":0,"14":0,"15":0,"16":0,"17":0,"18":0,"19":0,"20":0,"21":0,"22":0,"23":0,"24":0,"25":0,"26":0,"27":0,"28":0,"29":0,"30":0,"31":0,"32":0,"33":0,"34":0,"35":0,"36":0,"37":0,"38":0,"39":0,"40":0,"41":0,"42":0,"43":0,"44":0,"45":0,"46":0,"47":0,"48":0,"49":0,"50":0,"51":0,"52":0,"53":0,"54":0,"55":0,"56":0,"57":0,"58":0,"59":0,"60":0,"61":0,"62":0,"63":0,"64":0,"65":0,"66":0,"67":0,"68":0,"69":0,"70":0,"71":0,"72":0,"73":0,"74":0,"75":0,"76":0,"77":0,"78":0,"79":0,"80":0,"81":0,"82":0,"83":0,"84":0,"85":0,"86":0,"87":0,"88":0,"89":0,"90":0,"91":0,"92":0,"93":1},"f":{"0":0,"1":0,"2":0,"3":0,"4":0,"5":0,"6":0,"7":0,"8":0,"9":0,"10":0,"11":0},"b":{"0":[0],"1":[0,0],"2":[0],"3":[0,0],"4":[0],"5":[0,0],"6":[0],"7":[0],"8":[0,0],"9":[0],"10":[0,0],"11":[0],"12":[0],"13":[0],"14":[0],"15":[0,0],"16":[0],"17":[0],"18":[0,0],"19":[0],"20":[0,0],"21":[0,0],"22":[0,0],"23":[0],"24":[0,0],"25":[0],"26":[0,0],"27":[0]}}
,"/Users/mark/projects/2025-04-02_json-translator/src/translators/base-translator.ts": {"path":"/Users/mark/projects/2025-04-02_json-translator/src/translators/base-translator.ts","statementMap":{"0":{"start":{"line":13,"column":4},"end":{"line":13,"column":57}},"1":{"start":{"line":14,"column":4},"end":{"line":14,"column":60}},"2":{"start":{"line":15,"column":4},"end":{"line":15,"column":33}},"3":{"start":{"line":16,"column":4},"end":{"line":16,"column":55}},"4":{"start":{"line":29,"column":4},"end":{"line":29,"column":52}},"5":{"start":{"line":30,"column":30},"end":{"line":30,"column":32}},"6":{"start":{"line":31,"column":4},"end":{"line":33,"column":5}},"7":{"start":{"line":32,"column":6},"end":{"line":32,"column":47}},"8":{"start":{"line":34,"column":4},"end":{"line":34,"column":19}},"9":{"start":{"line":41,"column":4},"end":{"line":45,"column":5}},"10":{"start":{"line":42,"column":6},"end":{"line":42,"column":62}},"11":{"start":{"line":43,"column":11},"end":{"line":45,"column":5}},"12":{"start":{"line":44,"column":6},"end":{"line":44,"column":60}},"13":{"start":{"line":6,"column":0},"end":{"line":6,"column":22}}},"fnMap":{"0":{"name":"(anonymous_0)","decl":{"start":{"line":12,"column":2},"end":{"line":12,"column":14}},"loc":{"start":{"line":12,"column":41},"end":{"line":17,"column":3}}},"1":{"name":"(anonymous_1)","decl":{"start":{"line":28,"column":2},"end":{"line":28,"column":7}},"loc":{"start":{"line":28,"column":38},"end":{"line":35,"column":3}}},"2":{"name":"(anonymous_2)","decl":{"start":{"line":40,"column":10},"end":{"line":40,"column":23}},"loc":{"start":{"line":40,"column":74},"end":{"line":47,"column":3}}}},"branchMap":{"0":{"loc":{"start":{"line":13,"column":26},"end":{"line":13,"column":56}},"type":"binary-expr","locations":[{"start":{"line":13,"column":26},"end":{"line":13,"column":48}},{"start":{"line":13,"column":52},"end":{"line":13,"column":56}}]},"1":{"loc":{"start":{"line":14,"column":26},"end":{"line":14,"column":59}},"type":"binary-expr","locations":[{"start":{"line":14,"column":26},"end":{"line":14,"column":48}},{"start":{"line":14,"column":52},"end":{"line":14,"column":59}}]},"2":{"loc":{"start":{"line":16,"column":18},"end":{"line":16,"column":54}},"type":"binary-expr","locations":[{"start":{"line":16,"column":18},"end":{"line":16,"column":32}},{"start":{"line":16,"column":36},"end":{"line":16,"column":54}}]},"3":{"loc":{"start":{"line":41,"column":4},"end":{"line":45,"column":5}},"type":"if","locations":[{"start":{"line":41,"column":4},"end":{"line":45,"column":5}},{"start":{"line":43,"column":11},"end":{"line":45,"column":5}}]},"4":{"loc":{"start":{"line":43,"column":11},"end":{"line":45,"column":5}},"type":"if","locations":[{"start":{"line":43,"column":11},"end":{"line":45,"column":5}}]}},"s":{"0":5,"1":5,"2":5,"3":5,"4":0,"5":0,"6":0,"7":0,"8":0,"9":0,"10":0,"11":0,"12":0,"13":1},"f":{"0":5,"1":0,"2":0},"b":{"0":[5,5],"1":[5,5],"2":[5,5],"3":[0,0],"4":[0]}}
,"/Users/mark/projects/2025-04-02_json-translator/src/translators/custom-translator.ts": {"path":"/Users/mark/projects/2025-04-02_json-translator/src/translators/custom-translator.ts","statementMap":{"0":{"start":{"line":2,"column":0},"end":{"line":2,"column":51}},"1":{"start":{"line":11,"column":4},"end":{"line":11,"column":19}},"2":{"start":{"line":13,"column":4},"end":{"line":15,"column":5}},"3":{"start":{"line":14,"column":6},"end":{"line":14,"column":64}},"4":{"start":{"line":17,"column":4},"end":{"line":17,"column":49}},"5":{"start":{"line":21,"column":4},"end":{"line":27,"column":5}},"6":{"start":{"line":22,"column":6},"end":{"line":22,"column":85}},"7":{"start":{"line":24,"column":23},"end":{"line":24,"column":70}},"8":{"start":{"line":25,"column":6},"end":{"line":25,"column":51}},"9":{"start":{"line":26,"column":6},"end":{"line":26,"column":46}},"10":{"start":{"line":7,"column":0},"end":{"line":7,"column":13}}},"fnMap":{"0":{"name":"(anonymous_0)","decl":{"start":{"line":10,"column":2},"end":{"line":10,"column":14}},"loc":{"start":{"line":10,"column":41},"end":{"line":18,"column":3}}},"1":{"name":"(anonymous_1)","decl":{"start":{"line":20,"column":2},"end":{"line":20,"column":7}},"loc":{"start":{"line":20,"column":30},"end":{"line":28,"column":3}}}},"branchMap":{"0":{"loc":{"start":{"line":13,"column":4},"end":{"line":15,"column":5}},"type":"if","locations":[{"start":{"line":13,"column":4},"end":{"line":15,"column":5}}]},"1":{"loc":{"start":{"line":24,"column":23},"end":{"line":24,"column":70}},"type":"cond-expr","locations":[{"start":{"line":24,"column":48},"end":{"line":24,"column":61}},{"start":{"line":24,"column":64},"end":{"line":24,"column":70}}]}},"s":{"0":1,"1":5,"2":5,"3":0,"4":5,"5":17,"6":17,"7":0,"8":0,"9":0,"10":1},"f":{"0":5,"1":17},"b":{"0":[0],"1":[0,0]}}
,"/Users/mark/projects/2025-04-02_json-translator/src/translators/google-translator.ts": {"path":"/Users/mark/projects/2025-04-02_json-translator/src/translators/google-translator.ts","statementMap":{"0":{"start":{"line":1,"column":0},"end":{"line":1,"column":26}},"1":{"start":{"line":2,"column":0},"end":{"line":2,"column":51}},"2":{"start":{"line":12,"column":4},"end":{"line":12,"column":19}},"3":{"start":{"line":9,"column":19},"end":{"line":9,"column":89}},"4":{"start":{"line":13,"column":4},"end":{"line":16,"column":5}},"5":{"start":{"line":14,"column":6},"end":{"line":14,"column":46}},"6":{"start":{"line":15,"column":6},"end":{"line":15,"column":41}},"7":{"start":{"line":23,"column":4},"end":{"line":53,"column":5}},"8":{"start":{"line":24,"column":6},"end":{"line":24,"column":44}},"9":{"start":{"line":26,"column":23},"end":{"line":34,"column":8}},"10":{"start":{"line":36,"column":6},"end":{"line":45,"column":7}},"11":{"start":{"line":40,"column":23},"end":{"line":40,"column":72}},"12":{"start":{"line":41,"column":8},"end":{"line":41,"column":48}},"13":{"start":{"line":42,"column":8},"end":{"line":42,"column":22}},"14":{"start":{"line":44,"column":8},"end":{"line":44,"column":36}},"15":{"start":{"line":47,"column":23},"end":{"line":49,"column":16}},"16":{"start":{"line":51,"column":6},"end":{"line":51,"column":54}},"17":{"start":{"line":52,"column":6},"end":{"line":52,"column":49}},"18":{"start":{"line":60,"column":4},"end":{"line":60,"column":38}},"19":{"start":{"line":60,"column":28},"end":{"line":60,"column":38}},"20":{"start":{"line":62,"column":4},"end":{"line":96,"column":5}},"21":{"start":{"line":63,"column":6},"end":{"line":63,"column":54}},"22":{"start":{"line":65,"column":23},"end":{"line":73,"column":8}},"23":{"start":{"line":75,"column":6},"end":{"line":85,"column":7}},"24":{"start":{"line":78,"column":24},"end":{"line":79,"column":null}},"25":{"start":{"line":79,"column":22},"end":{"line":79,"column":38}},"26":{"start":{"line":82,"column":8},"end":{"line":82,"column":23}},"27":{"start":{"line":84,"column":8},"end":{"line":84,"column":38}},"28":{"start":{"line":87,"column":23},"end":{"line":89,"column":16}},"29":{"start":{"line":91,"column":6},"end":{"line":91,"column":56}},"30":{"start":{"line":94,"column":6},"end":{"line":94,"column":39}},"31":{"start":{"line":95,"column":6},"end":{"line":95,"column":41}},"32":{"start":{"line":8,"column":0},"end":{"line":8,"column":13}}},"fnMap":{"0":{"name":"(anonymous_1)","decl":{"start":{"line":11,"column":2},"end":{"line":11,"column":14}},"loc":{"start":{"line":11,"column":41},"end":{"line":17,"column":3}}},"1":{"name":"(anonymous_2)","decl":{"start":{"line":22,"column":2},"end":{"line":22,"column":7}},"loc":{"start":{"line":22,"column":30},"end":{"line":54,"column":3}}},"2":{"name":"(anonymous_3)","decl":{"start":{"line":59,"column":2},"end":{"line":59,"column":7}},"loc":{"start":{"line":59,"column":38},"end":{"line":97,"column":3}}},"3":{"name":"(anonymous_4)","decl":{"start":{"line":79,"column":10},"end":{"line":79,"column":11}},"loc":{"start":{"line":79,"column":22},"end":{"line":79,"column":38}}}},"branchMap":{"0":{"loc":{"start":{"line":13,"column":4},"end":{"line":16,"column":5}},"type":"if","locations":[{"start":{"line":13,"column":4},"end":{"line":16,"column":5}}]},"1":{"loc":{"start":{"line":36,"column":6},"end":{"line":45,"column":7}},"type":"if","locations":[{"start":{"line":36,"column":6},"end":{"line":45,"column":7}},{"start":{"line":43,"column":13},"end":{"line":45,"column":7}}]},"2":{"loc":{"start":{"line":36,"column":10},"end":{"line":39,"column":52}},"type":"binary-expr","locations":[{"start":{"line":36,"column":10},"end":{"line":36,"column":23}},{"start":{"line":37,"column":10},"end":{"line":37,"column":28}},{"start":{"line":38,"column":10},"end":{"line":38,"column":41}},{"start":{"line":39,"column":10},"end":{"line":39,"column":52}}]},"3":{"loc":{"start":{"line":47,"column":23},"end":{"line":49,"column":16}},"type":"cond-expr","locations":[{"start":{"line":48,"column":10},"end":{"line":48,"column":23}},{"start":{"line":49,"column":10},"end":{"line":49,"column":16}}]},"4":{"loc":{"start":{"line":60,"column":4},"end":{"line":60,"column":38}},"type":"if","locations":[{"start":{"line":60,"column":4},"end":{"line":60,"column":38}}]},"5":{"loc":{"start":{"line":75,"column":6},"end":{"line":85,"column":7}},"type":"if","locations":[{"start":{"line":75,"column":6},"end":{"line":85,"column":7}},{"start":{"line":83,"column":13},"end":{"line":85,"column":7}}]},"6":{"loc":{"start":{"line":75,"column":10},"end":{"line":77,"column":41}},"type":"binary-expr","locations":[{"start":{"line":75,"column":10},"end":{"line":75,"column":23}},{"start":{"line":76,"column":10},"end":{"line":76,"column":28}},{"start":{"line":77,"column":10},"end":{"line":77,"column":41}}]},"7":{"loc":{"start":{"line":87,"column":23},"end":{"line":89,"column":16}},"type":"cond-expr","locations":[{"start":{"line":88,"column":10},"end":{"line":88,"column":23}},{"start":{"line":89,"column":10},"end":{"line":89,"column":16}}]}},"s":{"0":1,"1":1,"2":0,"3":0,"4":0,"5":0,"6":0,"7":0,"8":0,"9":0,"10":0,"11":0,"12":0,"13":0,"14":0,"15":0,"16":0,"17":0,"18":0,"19":0,"20":0,"21":0,"22":0,"23":0,"24":0,"25":0,"26":0,"27":0,"28":0,"29":0,"30":0,"31":0,"32":1},"f":{"0":0,"1":0,"2":0,"3":0},"b":{"0":[0],"1":[0,0],"2":[0,0,0,0],"3":[0,0],"4":[0],"5":[0,0],"6":[0,0,0],"7":[0,0]}}
,"/Users/mark/projects/2025-04-02_json-translator/src/translators/index.ts": {"path":"/Users/mark/projects/2025-04-02_json-translator/src/translators/index.ts","statementMap":{"0":{"start":{"line":9,"column":0},"end":{"line":9,"column":16}},"1":{"start":{"line":2,"column":0},"end":{"line":2,"column":9}},"2":{"start":{"line":25,"column":9},"end":{"line":2,"column":51}},"3":{"start":{"line":3,"column":0},"end":{"line":3,"column":9}},"4":{"start":{"line":25,"column":25},"end":{"line":3,"column":55}},"5":{"start":{"line":4,"column":0},"end":{"line":4,"column":9}},"6":{"start":{"line":25,"column":43},"end":{"line":4,"column":55}},"7":{"start":{"line":10,"column":19},"end":{"line":10,"column":47}},"8":{"start":{"line":12,"column":2},"end":{"line":22,"column":3}},"9":{"start":{"line":14,"column":6},"end":{"line":14,"column":43}},"10":{"start":{"line":16,"column":6},"end":{"line":16,"column":43}},"11":{"start":{"line":21,"column":6},"end":{"line":21,"column":48}}},"fnMap":{"0":{"name":"(anonymous_0)","decl":{"start":{"line":25,"column":9},"end":{"line":25,"column":23}},"loc":{"start":{"line":25,"column":9},"end":{"line":2,"column":51}}},"1":{"name":"(anonymous_1)","decl":{"start":{"line":25,"column":25},"end":{"line":25,"column":41}},"loc":{"start":{"line":25,"column":25},"end":{"line":3,"column":55}}},"2":{"name":"(anonymous_2)","decl":{"start":{"line":25,"column":43},"end":{"line":25,"column":59}},"loc":{"start":{"line":25,"column":43},"end":{"line":4,"column":55}}},"3":{"name":"createTranslator","decl":{"start":{"line":9,"column":16},"end":{"line":9,"column":32}},"loc":{"start":{"line":9,"column":60},"end":{"line":23,"column":1}}}},"branchMap":{"0":{"loc":{"start":{"line":10,"column":19},"end":{"line":10,"column":47}},"type":"binary-expr","locations":[{"start":{"line":10,"column":19},"end":{"line":10,"column":35}},{"start":{"line":10,"column":39},"end":{"line":10,"column":47}}]},"1":{"loc":{"start":{"line":12,"column":2},"end":{"line":22,"column":3}},"type":"switch","locations":[{"start":{"line":13,"column":4},"end":{"line":14,"column":43}},{"start":{"line":15,"column":4},"end":{"line":16,"column":43}},{"start":{"line":20,"column":4},"end":{"line":21,"column":48}}]}},"s":{"0":1,"1":1,"2":1,"3":1,"4":1,"5":1,"6":1,"7":5,"8":5,"9":0,"10":5,"11":0},"f":{"0":0,"1":0,"2":0,"3":5},"b":{"0":[5,0],"1":[0,5,0]}}
}
