TN:
SF:src/cache.ts
FN:11,(anonymous_0)
FN:19,(anonymous_1)
FN:26,(anonymous_2)
FN:42,(anonymous_3)
FN:62,(anonymous_4)
FN:73,(anonymous_5)
FN:85,(anonymous_6)
FN:93,(anonymous_7)
FNF:8
FNH:7
FNDA:5,(anonymous_0)
FNDA:35,(anonymous_1)
FNDA:18,(anonymous_2)
FNDA:17,(anonymous_3)
FNDA:3,(anonymous_4)
FNDA:15,(anonymous_5)
FNDA:1,(anonymous_6)
FNDA:0,(anonymous_7)
DA:6,1
DA:9,5
DA:12,5
DA:13,5
DA:20,35
DA:27,18
DA:28,18
DA:30,18
DA:32,1
DA:33,1
DA:36,17
DA:43,17
DA:46,17
DA:47,2
DA:50,15
DA:52,15
DA:56,17
DA:63,3
DA:64,3
DA:65,3
DA:66,3
DA:74,15
DA:75,0
DA:76,0
DA:77,0
DA:86,1
DA:87,1
DA:94,0
LF:28
LH:24
BRDA:11,0,0,5
BRDA:30,1,0,1
BRDA:46,2,0,2
BRDA:46,2,1,15
BRDA:64,3,0,3
BRDA:74,4,0,0
BRDA:76,5,0,0
BRF:7
BRH:5
end_of_record
TN:
SF:src/index.ts
FN:29,(anonymous_0)
FN:30,(anonymous_1)
FN:31,(anonymous_2)
FN:32,(anonymous_3)
FN:11,createJsonKeyTranslator
FN:21,createSchemaTranslator
FNF:6
FNH:1
FNDA:0,(anonymous_0)
FNDA:0,(anonymous_1)
FNDA:0,(anonymous_2)
FNDA:0,(anonymous_3)
FNDA:5,createJsonKeyTranslator
FNDA:0,createSchemaTranslator
DA:1,1
DA:3,1
DA:4,1
DA:11,1
DA:12,5
DA:21,1
DA:22,0
DA:29,1
DA:30,1
DA:31,1
DA:32,1
DA:36,1
LF:12
LH:11
BRDA:11,0,0,0
BRDA:21,1,0,0
BRF:2
BRH:0
end_of_record
TN:
SF:src/json-key-translator.ts
FN:14,(anonymous_0)
FN:29,(anonymous_1)
FN:61,(anonymous_2)
FN:88,(anonymous_3)
FN:130,(anonymous_4)
FN:148,(anonymous_5)
FNF:6
FNH:6
FNDA:5,(anonymous_0)
FNDA:4,(anonymous_1)
FNDA:7,(anonymous_2)
FNDA:14,(anonymous_3)
FNDA:2,(anonymous_4)
FNDA:1,(anonymous_5)
DA:3,1
DA:4,1
DA:9,1
DA:11,5
DA:15,5
DA:18,5
DA:19,5
DA:23,5
DA:30,4
DA:32,4
DA:33,4
DA:36,4
DA:37,4
DA:38,4
DA:42,3
DA:43,3
DA:46,3
DA:47,3
DA:50,3
DA:53,0
DA:54,0
DA:62,7
DA:63,0
DA:67,7
DA:68,7
DA:69,7
DA:72,7
DA:73,14
DA:74,14
DA:75,14
DA:80,7
DA:82,7
DA:83,7
DA:86,7
DA:87,7
DA:88,7
DA:89,14
DA:90,14
DA:91,14
DA:93,14
DA:96,7
DA:97,7
DA:100,7
DA:101,14
DA:102,14
DA:103,14
DA:106,14
DA:107,14
DA:111,0
DA:118,7
DA:120,7
DA:121,14
DA:122,14
DA:125,14
DA:126,2
DA:127,12
DA:129,1
DA:131,2
DA:138,11
DA:142,7
DA:149,1
DA:150,1
LF:62
LH:58
BRDA:14,0,0,0
BRDA:18,1,0,5
BRDA:23,2,0,5
BRDA:23,2,1,5
BRDA:30,3,0,0
BRDA:30,4,0,4
BRDA:30,4,1,4
BRDA:36,5,0,4
BRDA:38,6,0,1
BRDA:46,7,0,3
BRDA:62,8,0,0
BRDA:62,9,0,7
BRDA:62,9,1,7
BRDA:62,9,2,7
BRDA:73,10,0,14
BRDA:80,11,0,7
BRDA:89,12,0,14
BRDA:91,13,0,0
BRDA:106,14,0,14
BRDA:125,15,0,2
BRDA:125,15,1,12
BRDA:125,16,0,14
BRDA:125,16,1,14
BRDA:125,16,2,3
BRDA:127,17,0,1
BRDA:127,17,1,11
BRDA:131,18,0,2
BRDA:131,18,1,0
BRDA:131,19,0,2
BRDA:131,19,1,2
BRDA:149,20,0,1
BRF:31
BRH:26
end_of_record
TN:
SF:src/schema-translator.ts
FN:16,(anonymous_0)
FN:31,(anonymous_1)
FN:34,(anonymous_2)
FN:39,(anonymous_3)
FN:48,(anonymous_4)
FN:65,(anonymous_5)
FN:113,(anonymous_6)
FN:141,(anonymous_7)
FN:147,(anonymous_8)
FN:169,(anonymous_9)
FN:192,(anonymous_10)
FN:201,(anonymous_11)
FNF:12
FNH:0
FNDA:0,(anonymous_0)
FNDA:0,(anonymous_1)
FNDA:0,(anonymous_2)
FNDA:0,(anonymous_3)
FNDA:0,(anonymous_4)
FNDA:0,(anonymous_5)
FNDA:0,(anonymous_6)
FNDA:0,(anonymous_7)
FNDA:0,(anonymous_8)
FNDA:0,(anonymous_9)
FNDA:0,(anonymous_10)
FNDA:0,(anonymous_11)
DA:3,1
DA:4,1
DA:10,1
DA:12,0
DA:17,0
DA:18,0
DA:21,0
DA:22,0
DA:25,0
DA:32,0
DA:34,0
DA:35,0
DA:37,0
DA:39,0
DA:40,0
DA:41,0
DA:44,0
DA:48,0
DA:49,0
DA:50,0
DA:51,0
DA:52,0
DA:57,0
DA:58,0
DA:59,0
DA:66,0
DA:67,0
DA:68,0
DA:71,0
DA:72,0
DA:73,0
DA:74,0
DA:75,0
DA:76,0
DA:77,0
DA:80,0
DA:83,0
DA:84,0
DA:85,0
DA:88,0
DA:91,0
DA:92,0
DA:93,0
DA:95,0
DA:96,0
DA:99,0
DA:100,0
DA:101,0
DA:102,0
DA:105,0
DA:106,0
DA:110,0
DA:113,0
DA:114,0
DA:118,0
DA:119,0
DA:120,0
DA:121,0
DA:122,0
DA:124,0
DA:125,0
DA:128,0
DA:129,0
DA:135,0
DA:142,0
DA:143,0
DA:146,0
DA:147,0
DA:150,0
DA:152,0
DA:153,0
DA:154,0
DA:156,0
DA:157,0
DA:159,0
DA:163,0
DA:170,0
DA:171,0
DA:174,0
DA:177,0
DA:180,0
DA:183,0
DA:185,0
DA:186,0
DA:193,0
DA:194,0
DA:202,0
DA:203,0
DA:204,0
DA:205,0
LF:90
LH:3
BRDA:16,0,0,0
BRDA:18,1,0,0
BRDA:18,1,1,0
BRDA:21,2,0,0
BRDA:25,3,0,0
BRDA:25,3,1,0
BRDA:35,4,0,0
BRDA:35,5,0,0
BRDA:35,5,1,0
BRDA:37,6,0,0
BRDA:40,7,0,0
BRDA:40,8,0,0
BRDA:40,8,1,0
BRDA:51,9,0,0
BRDA:51,10,0,0
BRDA:51,10,1,0
BRDA:73,11,0,0
BRDA:75,12,0,0
BRDA:83,13,0,0
BRDA:105,14,0,0
BRDA:110,15,0,0
BRDA:110,15,1,0
BRDA:124,16,0,0
BRDA:142,17,0,0
BRDA:142,18,0,0
BRDA:142,18,1,0
BRDA:146,19,0,0
BRDA:153,20,0,0
BRDA:153,20,1,0
BRDA:156,21,0,0
BRDA:156,21,1,0
BRDA:156,22,0,0
BRDA:156,22,1,0
BRDA:170,23,0,0
BRDA:170,24,0,0
BRDA:170,24,1,0
BRDA:193,25,0,0
BRDA:202,26,0,0
BRDA:202,26,1,0
BRDA:204,27,0,0
BRF:40
BRH:0
end_of_record
TN:
SF:src/translators/base-translator.ts
FN:12,(anonymous_0)
FN:28,(anonymous_1)
FN:40,(anonymous_2)
FNF:3
FNH:1
FNDA:5,(anonymous_0)
FNDA:0,(anonymous_1)
FNDA:0,(anonymous_2)
DA:6,1
DA:13,5
DA:14,5
DA:15,5
DA:16,5
DA:29,0
DA:30,0
DA:31,0
DA:32,0
DA:34,0
DA:41,0
DA:42,0
DA:43,0
DA:44,0
LF:14
LH:5
BRDA:13,0,0,5
BRDA:13,0,1,5
BRDA:14,1,0,5
BRDA:14,1,1,5
BRDA:16,2,0,5
BRDA:16,2,1,5
BRDA:41,3,0,0
BRDA:41,3,1,0
BRDA:43,4,0,0
BRF:9
BRH:6
end_of_record
TN:
SF:src/translators/custom-translator.ts
FN:10,(anonymous_0)
FN:20,(anonymous_1)
FNF:2
FNH:2
FNDA:5,(anonymous_0)
FNDA:17,(anonymous_1)
DA:2,1
DA:7,1
DA:11,5
DA:13,5
DA:14,0
DA:17,5
DA:21,17
DA:22,17
DA:24,0
DA:25,0
DA:26,0
LF:11
LH:7
BRDA:13,0,0,0
BRDA:24,1,0,0
BRDA:24,1,1,0
BRF:3
BRH:0
end_of_record
TN:
SF:src/translators/google-translator.ts
FN:11,(anonymous_1)
FN:22,(anonymous_2)
FN:59,(anonymous_3)
FN:79,(anonymous_4)
FNF:4
FNH:0
FNDA:0,(anonymous_1)
FNDA:0,(anonymous_2)
FNDA:0,(anonymous_3)
FNDA:0,(anonymous_4)
DA:1,1
DA:2,1
DA:8,1
DA:9,0
DA:12,0
DA:13,0
DA:14,0
DA:15,0
DA:23,0
DA:24,0
DA:26,0
DA:36,0
DA:40,0
DA:41,0
DA:42,0
DA:44,0
DA:47,0
DA:51,0
DA:52,0
DA:60,0
DA:62,0
DA:63,0
DA:65,0
DA:75,0
DA:78,0
DA:79,0
DA:82,0
DA:84,0
DA:87,0
DA:91,0
DA:94,0
DA:95,0
LF:32
LH:3
BRDA:13,0,0,0
BRDA:36,1,0,0
BRDA:36,1,1,0
BRDA:36,2,0,0
BRDA:36,2,1,0
BRDA:36,2,2,0
BRDA:36,2,3,0
BRDA:47,3,0,0
BRDA:47,3,1,0
BRDA:60,4,0,0
BRDA:75,5,0,0
BRDA:75,5,1,0
BRDA:75,6,0,0
BRDA:75,6,1,0
BRDA:75,6,2,0
BRDA:87,7,0,0
BRDA:87,7,1,0
BRF:17
BRH:0
end_of_record
TN:
SF:src/translators/index.ts
FN:25,(anonymous_0)
FN:25,(anonymous_1)
FN:25,(anonymous_2)
FN:9,createTranslator
FNF:4
FNH:1
FNDA:0,(anonymous_0)
FNDA:0,(anonymous_1)
FNDA:0,(anonymous_2)
FNDA:5,createTranslator
DA:2,1
DA:3,1
DA:4,1
DA:9,1
DA:10,5
DA:12,5
DA:14,0
DA:16,5
DA:21,0
DA:25,1
LF:10
LH:8
BRDA:10,0,0,5
BRDA:10,0,1,0
BRDA:12,1,0,0
BRDA:12,1,1,5
BRDA:12,1,2,0
BRF:5
BRH:2
end_of_record
